2025-10-23 00:02:41 - main - INFO - Starting AI Travel Planner API...
2025-10-23 00:02:41 - main - INFO - Database initialized successfully
2025-10-23 00:02:47 - main - INFO - Shutting down AI Travel Planner API...
2025-10-23 00:02:50 - main - INFO - Starting AI Travel Planner API...
2025-10-23 00:02:50 - main - INFO - Database initialized successfully
2025-10-23 00:02:54 - main - INFO - Shutting down AI Travel Planner API...
2025-10-23 00:02:56 - main - INFO - Starting AI Travel Planner API...
2025-10-23 00:02:56 - main - INFO - Database initialized successfully
2025-10-23 00:02:58 - main - INFO - Shutting down AI Travel Planner API...
2025-10-23 00:03:00 - main - INFO - Starting AI Travel Planner API...
2025-10-23 00:03:00 - main - INFO - Database initialized successfully
2025-10-23 00:03:05 - main - INFO - Shutting down AI Travel Planner API...
2025-10-23 00:03:08 - main - INFO - Starting AI Travel Planner API...
2025-10-23 00:03:08 - main - INFO - Database initialized successfully
2025-10-23 00:03:14 - main - INFO - Shutting down AI Travel Planner API...
2025-10-23 00:03:16 - main - INFO - Starting AI Travel Planner API...
2025-10-23 00:03:16 - main - INFO - Database initialized successfully
2025-10-23 00:03:26 - main - INFO - Shutting down AI Travel Planner API...
2025-10-23 00:03:28 - main - INFO - Starting AI Travel Planner API...
2025-10-23 00:03:28 - main - INFO - Database initialized successfully
2025-10-23 00:03:50 - main - INFO - Starting AI Travel Planner API...
2025-10-23 00:03:50 - main - INFO - Database initialized successfully
2025-10-23 00:16:41 - main - INFO - Starting AI Travel Planner API...
2025-10-23 00:16:41 - main - INFO - Database initialized successfully
2025-10-23 00:19:57 - main - INFO - Starting AI Travel Planner API...
2025-10-23 00:19:58 - main - INFO - Database initialized successfully
2025-10-23 00:20:12 - main - INFO - Shutting down AI Travel Planner API...
2025-10-23 00:22:55 - main - INFO - Starting AI Travel Planner API...
2025-10-23 00:22:56 - main - INFO - Database initialized successfully
2025-10-23 00:23:49 - main - INFO - Shutting down AI Travel Planner API...
2025-10-23 00:27:07 - main - INFO - Starting AI Travel Planner API...
2025-10-23 00:27:07 - main - INFO - Database initialized successfully
2025-10-23 00:27:09 - main - INFO - Starting AI Travel Planner API...
2025-10-23 00:27:10 - main - INFO - Database initialized successfully
2025-10-23 00:29:18 - main - INFO - Shutting down AI Travel Planner API...
2025-10-23 00:30:34 - main - INFO - Starting AI Travel Planner API...
2025-10-23 00:30:34 - main - INFO - Database initialized successfully
2025-10-23 00:31:17 - main - INFO - Starting AI Travel Planner API...
2025-10-23 00:31:18 - main - INFO - Database initialized successfully
2025-10-23 00:38:14 - main - INFO - Shutting down AI Travel Planner API...
2025-10-23 00:40:45 - main - INFO - Shutting down AI Travel Planner API...
2025-10-23 00:46:31 - main - INFO - Starting AI Travel Planner API...
2025-10-23 00:46:31 - main - INFO - Database initialized successfully
2025-10-23 00:46:37 - main - INFO - Shutting down AI Travel Planner API...
2025-10-23 00:46:40 - main - INFO - Starting AI Travel Planner API...
2025-10-23 00:46:40 - main - INFO - Database initialized successfully
2025-10-23 00:46:41 - main - INFO - Shutting down AI Travel Planner API...
2025-10-23 00:46:44 - main - INFO - Starting AI Travel Planner API...
2025-10-23 00:46:44 - main - INFO - Database initialized successfully
2025-10-23 00:46:49 - main - INFO - Shutting down AI Travel Planner API...
2025-10-23 00:46:52 - main - INFO - Starting AI Travel Planner API...
2025-10-23 00:46:52 - main - INFO - Database initialized successfully
2025-10-23 00:46:56 - main - INFO - Shutting down AI Travel Planner API...
2025-10-23 00:46:59 - main - INFO - Starting AI Travel Planner API...
2025-10-23 00:46:59 - main - INFO - Database initialized successfully
2025-10-23 00:47:47 - main - INFO - Starting AI Travel Planner API...
2025-10-23 00:47:47 - main - INFO - Database initialized successfully
2025-10-23 00:49:31 - main - INFO - Shutting down AI Travel Planner API...
2025-10-23 00:49:34 - main - INFO - Starting AI Travel Planner API...
2025-10-23 00:49:34 - main - INFO - Database initialized successfully
2025-10-23 00:59:25 - main - INFO - Shutting down AI Travel Planner API...
2025-10-23 00:59:29 - main - INFO - Starting AI Travel Planner API...
2025-10-23 00:59:29 - main - INFO - Database initialized successfully
2025-10-23 01:01:43 - main - INFO - Shutting down AI Travel Planner API...
2025-10-23 01:01:46 - main - INFO - Starting AI Travel Planner API...
2025-10-23 01:01:46 - main - INFO - Database initialized successfully
2025-10-23 01:01:53 - main - INFO - Shutting down AI Travel Planner API...
2025-10-23 01:01:55 - main - INFO - Starting AI Travel Planner API...
2025-10-23 01:01:55 - main - INFO - Database initialized successfully
2025-10-23 01:02:02 - main - INFO - Shutting down AI Travel Planner API...
2025-10-23 01:02:04 - main - INFO - Starting AI Travel Planner API...
2025-10-23 01:02:04 - main - INFO - Database initialized successfully
2025-10-23 01:02:39 - main - INFO - Starting AI Travel Planner API...
2025-10-23 01:02:39 - main - INFO - Database initialized successfully
2025-10-23 01:04:10 - main - INFO - Shutting down AI Travel Planner API...
2025-10-23 01:04:54 - main - INFO - Starting AI Travel Planner API...
2025-10-23 01:04:54 - main - INFO - Database initialized successfully
2025-10-23 01:08:20 - main - INFO - Shutting down AI Travel Planner API...
2025-10-23 01:13:29 - main - INFO - Starting AI Travel Planner API...
2025-10-23 01:13:29 - main - INFO - Database initialized successfully
2025-10-23 01:15:01 - main - INFO - Shutting down AI Travel Planner API...
2025-10-23 01:15:06 - main - INFO - Starting AI Travel Planner API...
2025-10-23 01:20:54 - main - INFO - Starting AI Travel Planner API...
2025-10-23 01:20:54 - main - INFO - Database initialized successfully
2025-10-23 01:23:39 - main - INFO - Starting AI Travel Planner API...
2025-10-23 01:23:40 - main - INFO - Database initialized successfully
2025-10-23 01:29:34 - main - INFO - Shutting down AI Travel Planner API...
2025-10-23 01:33:50 - app.main - INFO - Starting AI Travel Planner API...
2025-10-23 01:33:50 - app.main - INFO - Database initialized successfully
2025-10-23 01:46:46 - app.main - INFO - Shutting down AI Travel Planner API...
2025-10-23 01:46:50 - app.main - INFO - Starting AI Travel Planner API...
2025-10-23 01:46:50 - app.main - INFO - Database initialized successfully
2025-10-23 01:47:03 - app.main - INFO - Shutting down AI Travel Planner API...
2025-10-23 01:47:05 - app.main - INFO - Starting AI Travel Planner API...
2025-10-23 01:47:05 - app.main - INFO - Database initialized successfully
2025-10-23 01:49:31 - main - INFO - Starting AI Travel Planner API...
2025-10-23 01:49:31 - main - INFO - Database initialized successfully
2025-10-23 01:51:23 - app.main - INFO - Starting AI Travel Planner API...
2025-10-23 01:51:23 - app.main - INFO - Database initialized successfully
2025-10-23 01:57:44 - app.main - INFO - Shutting down AI Travel Planner API...
2025-10-23 01:57:44 - main - INFO - Shutting down AI Travel Planner API...
2025-10-23 01:57:52 - app.main - INFO - Starting AI Travel Planner API...
2025-10-23 01:57:52 - app.main - INFO - Database initialized successfully
2025-10-23 01:57:56 - app.main - INFO - Shutting down AI Travel Planner API...
2025-10-23 01:58:37 - app.main - INFO - Starting AI Travel Planner API...
2025-10-23 01:58:37 - app.main - INFO - Starting AI Travel Planner API...
2025-10-23 01:58:37 - app.main - INFO - Database initialized successfully
2025-10-23 01:58:37 - app.main - INFO - Database initialized successfully
2025-10-23 01:58:40 - app.main - INFO - Starting AI Travel Planner API...
2025-10-23 01:58:40 - app.main - INFO - Starting AI Travel Planner API...
2025-10-23 01:58:40 - app.main - INFO - Database initialized successfully
2025-10-23 01:58:40 - app.main - INFO - Database initialized successfully
2025-10-23 02:01:37 - app.main - INFO - Starting AI Travel Planner API...
2025-10-23 02:01:37 - app.main - INFO - Database initialized successfully
2025-10-23 02:07:13 - app.main - INFO - Starting AI Travel Planner API...
2025-10-23 02:07:13 - app.main - INFO - Database initialized successfully
2025-10-23 02:09:45 - app.main - INFO - Shutting down AI Travel Planner API...
2025-10-23 12:52:33 - main - INFO - Starting AI Travel Planner API...
2025-10-23 12:52:34 - main - INFO - Database initialized successfully
2025-10-23 12:58:16 - main - INFO - Shutting down AI Travel Planner API...
2025-10-23 12:58:19 - main - INFO - Starting AI Travel Planner API...
2025-10-23 12:58:19 - main - INFO - Database initialized successfully
2025-10-23 12:58:28 - main - INFO - Shutting down AI Travel Planner API...
2025-10-23 12:58:30 - main - INFO - Starting AI Travel Planner API...
2025-10-23 12:58:30 - main - INFO - Database initialized successfully
2025-10-23 12:58:33 - main - INFO - Shutting down AI Travel Planner API...
2025-10-23 12:58:35 - main - INFO - Starting AI Travel Planner API...
2025-10-23 12:58:35 - main - INFO - Database initialized successfully
2025-10-23 12:59:02 - main - INFO - Shutting down AI Travel Planner API...
2025-10-23 12:59:04 - main - INFO - Starting AI Travel Planner API...
2025-10-23 12:59:04 - main - INFO - Database initialized successfully
2025-10-23 13:00:26 - main - INFO - Shutting down AI Travel Planner API...
2025-10-23 13:00:28 - main - INFO - Starting AI Travel Planner API...
2025-10-23 13:00:28 - main - INFO - Database initialized successfully
2025-10-23 13:02:20 - main - INFO - Starting AI Travel Planner API...
2025-10-23 13:02:20 - main - INFO - Database initialized successfully
2025-10-23 13:07:15 - main - INFO - Shutting down AI Travel Planner API...
2025-10-23 13:07:19 - main - INFO - Starting AI Travel Planner API...
2025-10-23 13:07:23 - main - INFO - Starting AI Travel Planner API...
2025-10-23 13:07:23 - main - INFO - Database initialized successfully
2025-10-23 13:09:06 - main - INFO - Starting AI Travel Planner API...
2025-10-23 13:09:06 - main - INFO - Database initialized successfully
2025-10-23 13:31:31 - main - INFO - Shutting down AI Travel Planner API...
2025-10-23 13:31:40 - main - INFO - Starting AI Travel Planner API...
2025-10-23 13:31:41 - main - INFO - Database initialized successfully
2025-10-23 13:36:37 - main - INFO - Shutting down AI Travel Planner API...
2025-10-23 13:36:42 - main - INFO - Starting AI Travel Planner API...
2025-10-23 13:36:42 - main - INFO - Database initialized successfully
2025-10-23 13:46:40 - main - INFO - Shutting down AI Travel Planner API...
2025-10-23 13:46:45 - main - INFO - Starting AI Travel Planner API...
2025-10-23 13:46:45 - main - INFO - Database initialized successfully
2025-10-23 13:50:13 - main - INFO - Starting AI Travel Planner API...
2025-10-23 13:50:14 - main - INFO - Database initialized successfully
2025-10-23 13:50:35 - main - INFO - Shutting down AI Travel Planner API...
2025-10-23 13:50:39 - main - INFO - Starting AI Travel Planner API...
2025-10-23 13:50:39 - main - INFO - Database initialized successfully
2025-10-23 13:50:51 - main - INFO - Shutting down AI Travel Planner API...
2025-10-23 13:50:57 - main - INFO - Starting AI Travel Planner API...
2025-10-23 13:50:57 - main - INFO - Database initialized successfully
2025-10-23 13:52:01 - main - INFO - Shutting down AI Travel Planner API...
2025-10-23 13:52:04 - main - INFO - Starting AI Travel Planner API...
2025-10-23 13:52:04 - main - INFO - Database initialized successfully
2025-10-23 13:52:30 - main - INFO - Shutting down AI Travel Planner API...
2025-10-23 13:52:32 - main - INFO - Starting AI Travel Planner API...
2025-10-23 13:52:32 - main - INFO - Database initialized successfully
2025-10-23 13:53:16 - main - INFO - Shutting down AI Travel Planner API...
2025-10-23 13:53:17 - main - INFO - Starting AI Travel Planner API...
2025-10-23 13:53:17 - main - INFO - Database initialized successfully
2025-10-23 13:55:55 - main - INFO - Shutting down AI Travel Planner API...
2025-10-23 13:55:59 - main - INFO - Starting AI Travel Planner API...
2025-10-23 13:55:59 - main - INFO - Database initialized successfully
2025-10-23 14:00:57 - main - INFO - Shutting down AI Travel Planner API...
2025-10-23 14:01:03 - main - INFO - Starting AI Travel Planner API...
2025-10-23 14:01:03 - main - INFO - Database initialized successfully
2025-10-23 14:02:22 - main - INFO - Shutting down AI Travel Planner API...
2025-10-23 14:02:25 - main - INFO - Starting AI Travel Planner API...
2025-10-23 14:02:25 - main - INFO - Database initialized successfully
2025-10-23 14:07:23 - main - INFO - Shutting down AI Travel Planner API...
2025-10-23 14:07:27 - main - INFO - Starting AI Travel Planner API...
2025-10-23 14:07:27 - main - INFO - Database initialized successfully
2025-10-23 14:37:24 - main - INFO - Shutting down AI Travel Planner API...
2025-10-23 23:27:54 - main - INFO - Starting AI Travel Planner API...
2025-10-23 23:27:55 - main - INFO - Database initialized successfully
2025-10-23 23:32:48 - main - INFO - Shutting down AI Travel Planner API...
2025-10-23 23:32:51 - main - INFO - Starting AI Travel Planner API...
2025-10-23 23:32:51 - main - INFO - Database initialized successfully
2025-10-23 23:35:14 - main - INFO - Shutting down AI Travel Planner API...
2025-10-23 23:35:17 - main - INFO - Starting AI Travel Planner API...
2025-10-23 23:35:17 - main - INFO - Database initialized successfully
2025-10-23 23:35:33 - main - INFO - Shutting down AI Travel Planner API...
2025-10-23 23:35:35 - main - INFO - Starting AI Travel Planner API...
2025-10-23 23:35:35 - main - INFO - Database initialized successfully
2025-10-23 23:40:04 - main - INFO - Shutting down AI Travel Planner API...
2025-10-23 23:40:07 - main - INFO - Starting AI Travel Planner API...
2025-10-23 23:40:07 - main - INFO - Database initialized successfully
2025-10-23 23:40:35 - main - INFO - Starting AI Travel Planner API...
2025-10-23 23:40:35 - main - INFO - Database initialized successfully
2025-10-23 23:42:30 - main - INFO - Shutting down AI Travel Planner API...
2025-10-23 23:42:33 - main - INFO - Starting AI Travel Planner API...
2025-10-23 23:42:33 - main - INFO - Database initialized successfully
2025-10-23 23:46:58 - main - INFO - Shutting down AI Travel Planner API...
2025-10-23 23:47:01 - main - INFO - Starting AI Travel Planner API...
2025-10-23 23:47:01 - main - INFO - Database initialized successfully
2025-10-23 23:54:43 - main - INFO - Shutting down AI Travel Planner API...
2025-10-23 23:54:45 - main - INFO - Starting AI Travel Planner API...
2025-10-23 23:54:45 - main - INFO - Database initialized successfully
2025-10-23 23:55:52 - main - INFO - Shutting down AI Travel Planner API...
2025-10-23 23:55:54 - main - INFO - Starting AI Travel Planner API...
2025-10-23 23:55:54 - main - INFO - Database initialized successfully
